This file contains any messages produced by compilers while
running configure, to aid debugging if configure makes a mistake.

It was created by libantlr3c configure 3.4, which was
generated by GNU Autoconf 2.66.  Invocation command line was

  $ ./configure help

## --------- ##
## Platform. ##
## --------- ##

hostname = ultra-debian
uname -m = x86_64
uname -r = 3.2.0-4-amd64
uname -s = Linux
uname -v = #1 SMP Debian 3.2.60-1+deb7u3

/usr/bin/uname -p = unknown
/bin/uname -X     = unknown

/bin/arch              = unknown
/usr/bin/arch -k       = unknown
/usr/convex/getsysinfo = unknown
/usr/bin/hostinfo      = unknown
/bin/machine           = unknown
/usr/bin/oslevel       = unknown
/bin/universe          = unknown

PATH: /home/maximilian/bin
PATH: /usr/local/bin
PATH: /usr/bin
PATH: /bin
PATH: /usr/local/games
PATH: /usr/games


## ----------- ##
## Core tests. ##
## ----------- ##

configure:2416: checking for a BSD-compatible install
configure:2484: result: /usr/bin/install -c
configure:2495: checking whether build environment is sane
configure:2545: result: yes
configure:2686: checking for a thread-safe mkdir -p
configure:2725: result: /bin/mkdir -p
configure:2738: checking for gawk
configure:2768: result: no
configure:2738: checking for mawk
configure:2754: found /usr/bin/mawk
configure:2765: result: mawk
configure:2776: checking whether make sets $(MAKE)
configure:2798: result: yes
configure:2894: checking for help-xlc
configure:2924: result: no
configure:2894: checking for help-aCC
configure:2924: result: no
configure:2894: checking for help-gcc
configure:2924: result: no
configure:2894: checking for help-cc
configure:2924: result: no
configure:2938: checking for xlc
configure:2968: result: no
configure:2938: checking for aCC
configure:2968: result: no
configure:2938: checking for gcc
configure:2954: found /usr/bin/gcc
configure:2965: result: gcc
configure:2996: checking for C compiler version
configure:3005: gcc --version >&5
gcc (Debian 4.7.2-5) 4.7.2
Copyright (C) 2012 Free Software Foundation, Inc.
This is free software; see the source for copying conditions.  There is NO
warranty; not even for MERCHANTABILITY or FITNESS FOR A PARTICULAR PURPOSE.

configure:3016: $? = 0
configure:3005: gcc -v >&5
Using built-in specs.
COLLECT_GCC=gcc
COLLECT_LTO_WRAPPER=/usr/lib/gcc/x86_64-linux-gnu/4.7/lto-wrapper
Target: x86_64-linux-gnu
Configured with: ../src/configure -v --with-pkgversion='Debian 4.7.2-5' --with-bugurl=file:///usr/share/doc/gcc-4.7/README.Bugs --enable-languages=c,c++,go,fortran,objc,obj-c++ --prefix=/usr --program-suffix=-4.7 --enable-shared --enable-linker-build-id --with-system-zlib --libexecdir=/usr/lib --without-included-gettext --enable-threads=posix --with-gxx-include-dir=/usr/include/c++/4.7 --libdir=/usr/lib --enable-nls --with-sysroot=/ --enable-clocale=gnu --enable-libstdcxx-debug --enable-libstdcxx-time=yes --enable-gnu-unique-object --enable-plugin --enable-objc-gc --with-arch-32=i586 --with-tune=generic --enable-checking=release --build=x86_64-linux-gnu --host=x86_64-linux-gnu --target=x86_64-linux-gnu
Thread model: posix
gcc version 4.7.2 (Debian 4.7.2-5) 
configure:3016: $? = 0
configure:3005: gcc -V >&5
gcc: error: unrecognized command line option '-V'
gcc: fatal error: no input files
compilation terminated.
configure:3016: $? = 4
configure:3005: gcc -qversion >&5
gcc: error: unrecognized command line option '-qversion'
gcc: fatal error: no input files
compilation terminated.
configure:3016: $? = 4
configure:3036: checking whether the C compiler works
configure:3058: gcc    conftest.c  >&5
configure:3062: $? = 0
configure:3110: result: yes
configure:3113: checking for C compiler default output file name
configure:3115: result: a.out
configure:3121: checking for suffix of executables
configure:3128: gcc -o conftest    conftest.c  >&5
configure:3132: $? = 0
configure:3154: result: 
configure:3176: checking whether we are cross compiling
configure:3184: gcc -o conftest    conftest.c  >&5
configure:3188: $? = 0
configure:3195: ./conftest
configure:3199: $? = 0
configure:3214: result: no
configure:3219: checking for suffix of object files
configure:3241: gcc -c   conftest.c >&5
configure:3245: $? = 0
configure:3266: result: o
configure:3270: checking whether we are using the GNU C compiler
configure:3289: gcc -c   conftest.c >&5
configure:3289: $? = 0
configure:3298: result: yes
configure:3307: checking whether gcc accepts -g
configure:3327: gcc -c -g  conftest.c >&5
configure:3327: $? = 0
configure:3368: result: yes
configure:3385: checking for gcc option to accept ISO C89
configure:3449: gcc  -c -g -O2  conftest.c >&5
configure:3449: $? = 0
configure:3462: result: none needed
configure:3493: checking for style of include used by make
configure:3521: result: GNU
configure:3546: checking dependency style of gcc
configure:3656: result: gcc3
configure:3672: checking whether to enable maintainer-specific portions of Makefiles
configure:3681: result: no
configure:3723: checking build system type
configure:3734: error: /bin/bash ./config.sub help failed

## ---------------- ##
## Cache variables. ##
## ---------------- ##

ac_cv_build=
ac_cv_c_compiler_gnu=yes
ac_cv_env_CC_set=
ac_cv_env_CC_value=
ac_cv_env_CFLAGS_set=
ac_cv_env_CFLAGS_value=
ac_cv_env_CPPFLAGS_set=
ac_cv_env_CPPFLAGS_value=
ac_cv_env_CPP_set=
ac_cv_env_CPP_value=
ac_cv_env_LDFLAGS_set=
ac_cv_env_LDFLAGS_value=
ac_cv_env_LIBS_set=
ac_cv_env_LIBS_value=
ac_cv_env_build_alias_set=set
ac_cv_env_build_alias_value=help
ac_cv_env_host_alias_set=set
ac_cv_env_host_alias_value=help
ac_cv_env_target_alias_set=set
ac_cv_env_target_alias_value=help
ac_cv_objext=o
ac_cv_path_install='/usr/bin/install -c'
ac_cv_path_mkdir=/bin/mkdir
ac_cv_prog_AWK=mawk
ac_cv_prog_ac_ct_CC=gcc
ac_cv_prog_cc_c89=
ac_cv_prog_cc_g=yes
ac_cv_prog_make_make_set=yes
am_cv_CC_dependencies_compiler_type=gcc3

## ----------------- ##
## Output variables. ##
## ----------------- ##

ACLOCAL='${SHELL} /home/maximilian/Downloads/libantlr3c-3.4/missing --run aclocal-1.11'
AMDEPBACKSLASH='\'
AMDEP_FALSE='#'
AMDEP_TRUE=''
AMTAR='${SHELL} /home/maximilian/Downloads/libantlr3c-3.4/missing --run tar'
AR=''
AUTOCONF='${SHELL} /home/maximilian/Downloads/libantlr3c-3.4/missing --run autoconf'
AUTOHEADER='${SHELL} /home/maximilian/Downloads/libantlr3c-3.4/missing --run autoheader'
AUTOMAKE='${SHELL} /home/maximilian/Downloads/libantlr3c-3.4/missing --run automake-1.11'
AWK='mawk'
CC='gcc'
CCDEPMODE='depmode=gcc3'
CFLAGS='-g -O2'
CPP=''
CPPFLAGS=''
CYGPATH_W='echo'
DEFS=''
DEPDIR='.deps'
DSYMUTIL=''
DUMPBIN=''
ECHO_C=''
ECHO_N='-n'
ECHO_T=''
EGREP=''
EXEEXT=''
FGREP=''
GREP=''
INSTALL_DATA='${INSTALL} -m 644'
INSTALL_PROGRAM='${INSTALL}'
INSTALL_SCRIPT='${INSTALL}'
INSTALL_STRIP_PROGRAM='$(install_sh) -c -s'
LD=''
LDFLAGS=''
LIBOBJS=''
LIBS=''
LIBTOOL=''
LIPO=''
LN_S=''
LTLIBOBJS=''
MAINT='#'
MAINTAINER_MODE_FALSE=''
MAINTAINER_MODE_TRUE='#'
MAKEINFO='${SHELL} /home/maximilian/Downloads/libantlr3c-3.4/missing --run makeinfo'
MKDIR_P='/bin/mkdir -p'
NM=''
NMEDIT=''
OBJDUMP=''
OBJECT_MODE=''
OBJEXT='o'
OTOOL64=''
OTOOL=''
PACKAGE='libantlr3c'
PACKAGE_BUGREPORT='jimi@temporal-wave.com'
PACKAGE_NAME='libantlr3c'
PACKAGE_STRING='libantlr3c 3.4'
PACKAGE_TARNAME='libantlr3c'
PACKAGE_URL=''
PACKAGE_VERSION='3.4'
PATH_SEPARATOR=':'
RANLIB=''
SED=''
SET_MAKE=''
SHELL='/bin/bash'
STRIP=''
VERSION='3.4'
ac_ct_CC='gcc'
ac_ct_DUMPBIN=''
am__EXEEXT_FALSE=''
am__EXEEXT_TRUE=''
am__fastdepCC_FALSE='#'
am__fastdepCC_TRUE=''
am__include='include'
am__isrc=''
am__leading_dot='.'
am__quote=''
am__tar='${AMTAR} chof - "$$tardir"'
am__untar='${AMTAR} xf -'
bindir='${exec_prefix}/bin'
build='help'
build_alias='help'
build_cpu=''
build_os=''
build_vendor=''
datadir='${datarootdir}'
datarootdir='${prefix}/share'
docdir='${datarootdir}/doc/${PACKAGE_TARNAME}'
dvidir='${docdir}'
exec_prefix='NONE'
host='help'
host_alias='help'
host_cpu=''
host_os=''
host_vendor=''
htmldir='${docdir}'
includedir='${prefix}/include'
infodir='${datarootdir}/info'
install_sh='${SHELL} /home/maximilian/Downloads/libantlr3c-3.4/install-sh'
libdir='${exec_prefix}/lib'
libexecdir='${exec_prefix}/libexec'
localedir='${datarootdir}/locale'
localstatedir='${prefix}/var'
mandir='${datarootdir}/man'
mkdir_p='/bin/mkdir -p'
oldincludedir='/usr/include'
pdfdir='${docdir}'
prefix='NONE'
program_transform_name='s,x,x,'
psdir='${docdir}'
sbindir='${exec_prefix}/sbin'
sharedstatedir='${prefix}/com'
sysconfdir='${prefix}/etc'
target_alias='help'

## ----------- ##
## confdefs.h. ##
## ----------- ##

/* confdefs.h */
#define PACKAGE_NAME "libantlr3c"
#define PACKAGE_TARNAME "libantlr3c"
#define PACKAGE_VERSION "3.4"
#define PACKAGE_STRING "libantlr3c 3.4"
#define PACKAGE_BUGREPORT "jimi@temporal-wave.com"
#define PACKAGE_URL ""
#define PACKAGE "libantlr3c"
#define VERSION "3.4"

configure: exit 1
